<?xml version="1.0" encoding="UTF-8"?>
<testng-results ignored="0" total="1" passed="1" failed="0" skipped="0">
  <reporter-output>
    <line>
      <![CDATA[Entered the username]]>
    </line>
    <line>
      <![CDATA[Entered the Password]]>
    </line>
    <line>
      <![CDATA[Clicked the login button]]>
    </line>
  </reporter-output>
  <suite started-at="2022-04-28T17:12:58 CDT" name="Ibank" finished-at="2022-04-28T17:13:08 CDT" duration-ms="9958">
    <groups>
    </groups>
    <test started-at="2022-04-28T17:12:58 CDT" name="BankNG" finished-at="2022-04-28T17:13:08 CDT" duration-ms="9958">
      <class name="com.ibank.Testcases.TC_LoginTest_001">
        <test-method is-config="true" signature="setup(java.lang.String)[pri:0, instance:com.ibank.Testcases.TC_LoginTest_001@73a8da0f]" started-at="2022-04-28T17:12:58 CDT" name="setup" finished-at="2022-04-28T17:13:04 CDT" duration-ms="5724" status="PASS">
          <params>
            <param index="0">
              <value>
                <![CDATA[chrome]]>
              </value>
            </param>
          </params>
          <reporter-output>
          </reporter-output>
        </test-method> <!-- setup -->
        <test-method signature="Logintest()[pri:0, instance:com.ibank.Testcases.TC_LoginTest_001@73a8da0f]" started-at="2022-04-28T17:13:04 CDT" name="Logintest" finished-at="2022-04-28T17:13:07 CDT" duration-ms="2902" status="PASS">
          <reporter-output>
            <line>
              <![CDATA[Entered the username]]>
            </line>
            <line>
              <![CDATA[Entered the Password]]>
            </line>
            <line>
              <![CDATA[Clicked the login button]]>
            </line>
          </reporter-output>
        </test-method> <!-- Logintest -->
        <test-method is-config="true" signature="browserclose()[pri:0, instance:com.ibank.Testcases.TC_LoginTest_001@73a8da0f]" started-at="2022-04-28T17:13:07 CDT" name="browserclose" finished-at="2022-04-28T17:13:08 CDT" duration-ms="1015" status="PASS">
          <reporter-output>
          </reporter-output>
        </test-method> <!-- browserclose -->
      </class> <!-- com.ibank.Testcases.TC_LoginTest_001 -->
    </test> <!-- BankNG -->
  </suite> <!-- Ibank -->
</testng-results>
